<?xml version="1.0" encoding="UTF-8"?>
<!-- Generated by org.testng.reporters.JUnitReportReporter -->
<testsuite skipped="0" hostname="DESKTOP-UQ5ATUK" name="TestCases.AppiumTest" tests="1" failures="0" timestamp="31 Mar 2019 22:38:38 GMT" time="0.000" errors="0">
  <testcase name="MobileTesting" time="0.000" classname="TestCases.AppiumTest"/>
</testsuite> <!-- TestCases.AppiumTest -->
