<?xml version="1.0" encoding="UTF-8"?>
<!-- Generated by org.testng.reporters.JUnitReportReporter -->
<testsuite skipped="0" hostname="DESKTOP-UQ5ATUK" name="TestCases.SeleniumTest" tests="2" failures="0" timestamp="31 Mar 2019 22:38:38 GMT" time="0.000" errors="0">
  <testcase name="elementsUI" time="0.000" classname="TestCases.SeleniumTest"/>
  <testcase name="BrowserAutomation" time="0.000" classname="TestCases.SeleniumTest"/>
</testsuite> <!-- TestCases.SeleniumTest -->
