<?xml version="1.0" encoding="UTF-8"?>
<!-- Generated by org.testng.reporters.JUnitReportReporter -->
<testsuite skipped="0" hostname="DESKTOP-UQ5ATUK" name="TestCases.RestAPITest" tests="2" failures="0" timestamp="31 Mar 2019 22:38:38 GMT" time="0.012" errors="0">
  <testcase name="deleteTwitter" time="0.012" classname="TestCases.RestAPITest"/>
  <testcase name="postJira" time="0.000" classname="TestCases.RestAPITest"/>
</testsuite> <!-- TestCases.RestAPITest -->
